<?xml version="1.0" encoding="utf-8" standalone="yes"?><Layout layout="test" modulePackage="tkhub.project.kesbewa" filePath="app\src\main\res\layout\test.xml" directory="layout" isMerge="false" isBindingData="true" rootNodeType="androidx.coordinatorlayout.widget.CoordinatorLayout"><Variables declared="true" type="tkhub.project.kesbewa.viewmodels.address.AddressViewModel" name="addressviewmodel"><location startLine="10" startOffset="8" endLine="12" endOffset="78"/></Variables><Imports type="android.view.View" name="View"><location startLine="8" startOffset="8" endLine="8" endOffset="49"/></Imports><Targets><Target tag="layout/test_0" view="androidx.coordinatorlayout.widget.CoordinatorLayout"><Expressions/><location startLine="15" startOffset="4" endLine="624" endOffset="57"/></Target><Target id="@+id/constraintLayout_noaddress" tag="binding_1" view="androidx.constraintlayout.widget.ConstraintLayout"><Expressions><Expression text="addressviewmodel.isNoAddressLayoutVisible ? View.VISIBLE : View.GONE" attribute="android:visibility"><Location startLine="84" startOffset="16" endLine="84" endOffset="107"/><TwoWay>false</TwoWay><ValueLocation startLine="84" startOffset="38" endLine="84" endOffset="105"/></Expression></Expressions><location startLine="79" startOffset="12" endLine="117" endOffset="63"/></Target><Target id="@+id/recyclerView_address" tag="binding_2" view="androidx.recyclerview.widget.RecyclerView"><Expressions><Expression text="addressviewmodel.isAddressListVisible ? View.VISIBLE : View.GONE" attribute="android:visibility"><Location startLine="127" startOffset="16" endLine="127" endOffset="103"/><TwoWay>false</TwoWay><ValueLocation startLine="127" startOffset="38" endLine="127" endOffset="101"/></Expression></Expressions><location startLine="120" startOffset="12" endLine="132" endOffset="41"/></Target><Target id="@+id/cl_map" tag="binding_3" view="androidx.constraintlayout.widget.ConstraintLayout"><Expressions><Expression text="addressviewmodel.isAddressAddLayoutVisible ? View.VISIBLE : View.GONE" attribute="android:visibility"><Location startLine="138" startOffset="16" endLine="138" endOffset="108"/><TwoWay>false</TwoWay><ValueLocation startLine="138" startOffset="38" endLine="138" endOffset="106"/></Expression></Expressions><location startLine="134" startOffset="12" endLine="175" endOffset="63"/></Target><Target id="@+id/scrollview" tag="binding_4" view="ScrollView"><Expressions><Expression text="addressviewmodel.isAddressAddLayoutVisible ? View.VISIBLE : View.GONE" attribute="android:visibility"><Location startLine="185" startOffset="16" endLine="185" endOffset="108"/><TwoWay>false</TwoWay><ValueLocation startLine="185" startOffset="38" endLine="185" endOffset="106"/></Expression></Expressions><location startLine="179" startOffset="12" endLine="461" endOffset="24"/></Target><Target id="@+id/edittext_15" tag="binding_5" view="androidx.appcompat.widget.AppCompatEditText"><Expressions><Expression text="addressviewmodel.editTextNumber" attribute="android:text"><Location startLine="233" startOffset="28" endLine="233" endOffset="77"/><TwoWay>true</TwoWay><ValueLocation startLine="233" startOffset="45" endLine="233" endOffset="75"/></Expression></Expressions><location startLine="221" startOffset="24" endLine="238" endOffset="84"/></Target><Target id="@+id/edittext_9" tag="binding_6" view="androidx.appcompat.widget.AppCompatEditText"><Expressions><Expression text="addressviewmodel.editTextStreetAddress" attribute="android:text"><Location startLine="282" startOffset="28" endLine="282" endOffset="84"/><TwoWay>true</TwoWay><ValueLocation startLine="282" startOffset="45" endLine="282" endOffset="82"/></Expression></Expressions><location startLine="270" startOffset="24" endLine="287" endOffset="83"/></Target><Target id="@+id/edittext_10" tag="binding_7" view="androidx.appcompat.widget.AppCompatEditText"><Expressions><Expression text="addressviewmodel.editTextStreetAddressTwo" attribute="android:text"><Location startLine="329" startOffset="28" endLine="329" endOffset="87"/><TwoWay>true</TwoWay><ValueLocation startLine="329" startOffset="45" endLine="329" endOffset="85"/></Expression></Expressions><location startLine="317" startOffset="24" endLine="334" endOffset="84"/></Target><Target id="@+id/autocompletetextview_city" tag="binding_8" view="androidx.appcompat.widget.AppCompatAutoCompleteTextView"><Expressions><Expression text="addressviewmodel.onCityItemSelected" attribute="android:onItemClickListener"><Location startLine="377" startOffset="28" endLine="377" endOffset="95"/><TwoWay>false</TwoWay><ValueLocation startLine="377" startOffset="59" endLine="377" endOffset="93"/></Expression></Expressions><location startLine="365" startOffset="24" endLine="382" endOffset="84"/></Target><Target id="@+id/edittext_13" tag="binding_9" view="androidx.appcompat.widget.AppCompatEditText"><Expressions><Expression text="addressviewmodel.editTextZipCode" attribute="android:text"><Location startLine="426" startOffset="28" endLine="426" endOffset="78"/><TwoWay>true</TwoWay><ValueLocation startLine="426" startOffset="45" endLine="426" endOffset="76"/></Expression></Expressions><location startLine="414" startOffset="24" endLine="431" endOffset="84"/></Target><Target id="@+id/constraintlayout_1" tag="binding_10" view="androidx.constraintlayout.widget.ConstraintLayout"><Expressions><Expression text="addressviewmodel.isAddressAddLayoutVisible ? View.VISIBLE : View.GONE" attribute="android:visibility"><Location startLine="472" startOffset="16" endLine="472" endOffset="108"/><TwoWay>false</TwoWay><ValueLocation startLine="472" startOffset="38" endLine="472" endOffset="106"/></Expression></Expressions><location startLine="463" startOffset="12" endLine="542" endOffset="63"/></Target><Target id="@+id/MKLoader" tag="binding_11" view="com.tuyenmonkey.mkloader.MKLoader"><Expressions><Expression text="addressviewmodel.addressFetchingProgress ? View.VISIBLE : View.GONE" attribute="android:visibility"><Location startLine="482" startOffset="20" endLine="482" endOffset="110"/><TwoWay>false</TwoWay><ValueLocation startLine="482" startOffset="42" endLine="482" endOffset="108"/></Expression></Expressions><location startLine="477" startOffset="16" endLine="487" endOffset="45"/></Target><Target id="@+id/constraintlayout_12" tag="binding_12" view="androidx.constraintlayout.widget.ConstraintLayout"><Expressions><Expression text="addressviewmodel.addressSearchListVisibility ? View.VISIBLE : View.GONE" attribute="android:visibility"><Location startLine="553" startOffset="16" endLine="553" endOffset="110"/><TwoWay>false</TwoWay><ValueLocation startLine="553" startOffset="38" endLine="553" endOffset="108"/></Expression></Expressions><location startLine="544" startOffset="12" endLine="572" endOffset="63"/></Target><Target id="@+id/textView_btn" tag="binding_13" view="androidx.appcompat.widget.AppCompatTextView"><Expressions><Expression text="addressviewmodel.isBtnVisible ? View.VISIBLE : View.GONE" attribute="android:visibility"><Location startLine="584" startOffset="16" endLine="584" endOffset="95"/><TwoWay>false</TwoWay><ValueLocation startLine="584" startOffset="38" endLine="584" endOffset="93"/></Expression></Expressions><location startLine="576" startOffset="12" endLine="593" endOffset="62"/></Target><Target id="@+id/constraintLayout_loading_guestusersave" tag="binding_14" view="androidx.constraintlayout.widget.ConstraintLayout"><Expressions><Expression text="addressviewmodel.isAddressSaveVisible ? View.VISIBLE : View.GONE" attribute="android:visibility"><Location startLine="603" startOffset="12" endLine="603" endOffset="99"/><TwoWay>false</TwoWay><ValueLocation startLine="603" startOffset="34" endLine="603" endOffset="97"/></Expression></Expressions><location startLine="597" startOffset="8" endLine="621" endOffset="59"/></Target><Target id="@+id/constraintLayout2" view="androidx.constraintlayout.widget.ConstraintLayout"><Expressions/><location startLine="23" startOffset="12" endLine="76" endOffset="63"/></Target><Target id="@+id/imageview_navigation" view="androidx.appcompat.widget.AppCompatImageView"><Expressions/><location startLine="32" startOffset="16" endLine="41" endOffset="65"/></Target><Target id="@+id/textView" view="androidx.appcompat.widget.AppCompatTextView"><Expressions/><location startLine="43" startOffset="16" endLine="57" endOffset="84"/></Target><Target id="@+id/constraintLayout_add_adress" view="androidx.constraintlayout.widget.ConstraintLayout"><Expressions/><location startLine="59" startOffset="16" endLine="75" endOffset="67"/></Target><Target id="@+id/appCompatImageView2" view="androidx.appcompat.widget.AppCompatImageView"><Expressions/><location startLine="91" startOffset="16" endLine="100" endOffset="64"/></Target><Target id="@+id/textview_no_addres" view="androidx.appcompat.widget.AppCompatTextView"><Expressions/><location startLine="102" startOffset="16" endLine="114" endOffset="62"/></Target><Target id="@+id/constraintLayout_map" view="androidx.constraintlayout.widget.ConstraintLayout"><Expressions/><location startLine="152" startOffset="16" endLine="170" endOffset="67"/></Target><Target id="@+id/progressbar" view="com.tuyenmonkey.mkloader.MKLoader"><Expressions/><location startLine="160" startOffset="20" endLine="169" endOffset="49"/></Target><Target id="@+id/constraintLayout5" view="androidx.constraintlayout.widget.ConstraintLayout"><Expressions/><location startLine="193" startOffset="20" endLine="459" endOffset="71"/></Target><Target id="@+id/textview_15" view="androidx.appcompat.widget.AppCompatTextView"><Expressions/><location startLine="204" startOffset="24" endLine="218" endOffset="73"/></Target><Target id="@+id/view_15" view="View"><Expressions/><location startLine="241" startOffset="24" endLine="251" endOffset="84"/></Target><Target id="@+id/textview_9" view="androidx.appcompat.widget.AppCompatTextView"><Expressions/><location startLine="254" startOffset="24" endLine="268" endOffset="80"/></Target><Target id="@+id/view_5" view="View"><Expressions/><location startLine="289" startOffset="24" endLine="299" endOffset="83"/></Target><Target id="@+id/textview_10" view="androidx.appcompat.widget.AppCompatTextView"><Expressions/><location startLine="301" startOffset="24" endLine="315" endOffset="79"/></Target><Target id="@+id/view_6" view="View"><Expressions/><location startLine="337" startOffset="24" endLine="346" endOffset="84"/></Target><Target id="@+id/textview_11" view="androidx.appcompat.widget.AppCompatTextView"><Expressions/><location startLine="348" startOffset="24" endLine="362" endOffset="79"/></Target><Target id="@+id/view_8" view="View"><Expressions/><location startLine="385" startOffset="24" endLine="395" endOffset="98"/></Target><Target id="@+id/textview_13" view="androidx.appcompat.widget.AppCompatTextView"><Expressions/><location startLine="398" startOffset="24" endLine="412" endOffset="79"/></Target><Target id="@+id/view_10" view="View"><Expressions/><location startLine="434" startOffset="24" endLine="444" endOffset="84"/></Target><Target id="@+id/view_111" view="View"><Expressions/><location startLine="446" startOffset="24" endLine="456" endOffset="80"/></Target><Target id="@+id/txt_searchaddress" view="androidx.appcompat.widget.AppCompatTextView"><Expressions/><location startLine="490" startOffset="16" endLine="506" endOffset="63"/></Target><Target id="@+id/edit_searchaddress" view="androidx.appcompat.widget.AppCompatEditText"><Expressions/><location startLine="509" startOffset="16" endLine="524" endOffset="63"/></Target><Target id="@+id/relativelayout_serach" view="RelativeLayout"><Expressions/><location startLine="526" startOffset="16" endLine="541" endOffset="32"/></Target><Target id="@+id/imageView_search_icon" view="androidx.appcompat.widget.AppCompatImageView"><Expressions/><location startLine="534" startOffset="20" endLine="540" endOffset="59"/></Target><Target id="@+id/recyclerView_search_addresslist" view="androidx.recyclerview.widget.RecyclerView"><Expressions/><location startLine="559" startOffset="16" endLine="570" endOffset="45"/></Target></Targets></Layout>